#
# A fatal error has been detected by the Java Runtime Environment:
#
#  EXCEPTION_ACCESS_VIOLATION (0xc0000005) at pc=0x00007ff9585ae93c, pid=23728, tid=0x0000000000002dd4
#
# JRE version: Java(TM) SE Runtime Environment (8.0_391) (build 1.8.0_391-b13)
# Java VM: Java HotSpot(TM) 64-Bit Server VM (25.391-b13 mixed mode windows-amd64 compressed oops)
# Problematic frame:
# V  [jvm.dll+0x21e93c]
#
# Failed to write core dump. Minidumps are not enabled by default on client versions of Windows
#
# If you would like to submit a bug report, please visit:
#   http://bugreport.java.com/bugreport/crash.jsp
#

---------------  T H R E A D  ---------------

Current thread (0x00000210e7df1000):  JavaThread "main" [_thread_in_vm, id=11732, stack(0x0000003af3200000,0x0000003af3300000)]

siginfo: ExceptionCode=0xc0000005, writing address 0x0000000000000040

Registers:
RAX=0x0000000719f04110, RBX=0x00000210e7df1000, RCX=0x0000000000000040, RDX=0x0000000000000040
RSP=0x0000003af32ff028, RBP=0x0000003af32ff0d0, RSI=0x0000000000000108, RDI=0x0000000000000040
R8 =0x0000000000000040, R9 =0x000000071acfec38, R10=0x00000210e97e99c2, R11=0x00007ff9585cd650
R12=0x0000000000000000, R13=0x00000210fba4eca8, R14=0x0000003af32ff0f8, R15=0x00000210e7df1000
RIP=0x00007ff9585ae93c, EFLAGS=0x0000000000010202

Top of Stack: (sp=0x0000003af32ff028)
0x0000003af32ff028:   00007ff9584eb98f 0000003af32ff088
0x0000003af32ff038:   00000210fbad71b8 0000000000000000
0x0000003af32ff048:   00000210fbad32d0 0000000000000854
0x0000003af32ff058:   00000210e97e99ee 00000210fba4eca8
0x0000003af32ff068:   0000000000000108 0000000000000000
0x0000003af32ff078:   00000210fc080050 0000003af32ff0e8
0x0000003af32ff088:   00000210e97d7f10 0000003af32ff090
0x0000003af32ff098:   0000000000000000 0000003af32ff0f8
0x0000003af32ff0a8:   00000210fbacd090 0000000000000000
0x0000003af32ff0b8:   00000210fba4eca8 0000000000000000
0x0000003af32ff0c8:   0000003af32ff0f0 0000003af32ff140
0x0000003af32ff0d8:   00000210e97d83fd 000000071ae979a0
0x0000003af32ff0e8:   00000210e97e2df8 0000000000000040
0x0000003af32ff0f8:   0000000000000001 0000003af32ff100
0x0000003af32ff108:   00000210fba4ed4c 0000003af32ff158
0x0000003af32ff118:   00000210fbacd090 0000000000000000 

Instructions: (pc=0x00007ff9585ae93c)
0x00007ff9585ae91c:   8b 6c 24 50 48 8b 74 24 58 48 83 c4 20 41 5f 41
0x00007ff9585ae92c:   5c 5f c3 cc 48 85 c9 74 0a 48 8b 05 7c 88 60 00
0x00007ff9585ae93c:   48 89 01 c3 48 85 c9 74 0b 48 8b 05 6c 88 60 00
0x00007ff9585ae94c:   48 89 41 ff c3 cc cc cc cc cc cc cc cc cc cc cc 


Register to memory mapping:

RAX=0x0000000719f04110 is an oop
java.lang.Object 
 - klass: 'java/lang/Object'
 - ---- fields (total size 2 words):
RBX=0x00000210e7df1000 is a thread
RCX=0x0000000000000040 is an unknown value
RDX=0x0000000000000040 is an unknown value
RSP=0x0000003af32ff028 is pointing into the stack for thread: 0x00000210e7df1000
RBP=0x0000003af32ff0d0 is pointing into the stack for thread: 0x00000210e7df1000
RSI=0x0000000000000108 is an unknown value
RDI=0x0000000000000040 is an unknown value
R8 =0x0000000000000040 is an unknown value
R9 =0x000000071acfec38 is an oop
java.lang.Class 
 - klass: 'java/lang/Class'
 - ---- fields (total size 14 words):
 - private volatile transient strict 'cachedConstructor' 'Ljava/lang/reflect/Constructor;' @12  NULL (0 0)
 - private volatile transient strict 'newInstanceCallerCache' 'Ljava/lang/Class;' @16  NULL (0 0)
 - private transient 'name' 'Ljava/lang/String;' @20  NULL (0 e33ed3d2)
 - private final 'classLoader' 'Ljava/lang/ClassLoader;' @24  a 'sun/misc/Launcher$AppClassLoader' (e33ed3d2 0)
 - private volatile transient strict 'reflectionData' 'Ljava/lang/ref/SoftReference;' @28  NULL (0 0)
 - private volatile transient 'genericInfo' 'Lsun/reflect/generics/repository/ClassRepository;' @32  NULL (0 0)
 - private volatile transient strict 'enumConstants' '[Ljava/lang/Object;' @36  NULL (0 0)
 - private volatile transient strict 'enumConstantDirectory' 'Ljava/util/Map;' @40  NULL (0 0)
 - private volatile transient 'annotationData' 'Ljava/lang/Class$AnnotationData;' @44  NULL (0 0)
 - private volatile transient 'annotationType' 'Lsun/reflect/annotation/AnnotationType;' @48  NULL (0 0)
 - transient 'classValueMap' 'Ljava/lang/ClassValue$ClassValueMap;' @52  NULL (0 e340b3c1)
 - private volatile transient 'classRedefinedCount' 'I' @88  0
 - signature: Lorg/lwjgl/system/Checks;
 - fake entry for mirror: 
 - fake entry for array: NULL
 - fake entry for oop_size: 14
 - fake entry for static_oop_field_count: 0
 - public static final 'CHECKS' 'Z' @104  true
 - public static final 'DEBUG' 'Z' @105  false
 - public static final 'DEBUG_FUNCTIONS' 'Z' @106  false
R10=0x00000210e97e99c2 is at code_begin+962 in an Interpreter codelet
method entry point (kind = native)  [0x00000210e97e9600, 0x00000210e97ea0a0]  2720 bytes
R11=0x00007ff9585cd650 is an unknown value
R12=0x0000000000000000 is an unknown value
R13={method} {0x00000210fba4ecb0} 'nDeleteGlobalRef' '(J)V' in 'org/lwjgl/system/jni/JNINativeInterface'
R14=0x0000003af32ff0f8 is pointing into the stack for thread: 0x00000210e7df1000
R15=0x00000210e7df1000 is a thread


Stack: [0x0000003af3200000,0x0000003af3300000],  sp=0x0000003af32ff028,  free space=1020k
Native frames: (J=compiled Java code, j=interpreted, Vv=VM code, C=native code)
V  [jvm.dll+0x21e93c]

Java frames: (J=compiled Java code, j=interpreted, Vv=VM code)
j  org.lwjgl.system.jni.JNINativeInterface.nDeleteGlobalRef(J)V+0
j  org.lwjgl.system.jni.JNINativeInterface.DeleteGlobalRef(J)V+12
j  org.lwjgl.system.Callback.free(J)V+25
j  org.lwjgl.glfw.Callbacks.glfwFreeCallbacks(J)V+165
j  project_1.SandboxEngine.Window.run()V+58
j  project_1.App.main([Ljava/lang/String;)V+15
v  ~StubRoutines::call_stub

---------------  P R O C E S S  ---------------

Java Threads: ( => current thread )
  0x00000210fe6bf000 JavaThread "Service Thread" daemon [_thread_blocked, id=13852, stack(0x0000003af5600000,0x0000003af5700000)]
  0x00000210fe64a800 JavaThread "C1 CompilerThread11" daemon [_thread_blocked, id=14636, stack(0x0000003af5500000,0x0000003af5600000)]
  0x00000210fe637800 JavaThread "C1 CompilerThread10" daemon [_thread_blocked, id=9272, stack(0x0000003af5400000,0x0000003af5500000)]
  0x00000210fe61f000 JavaThread "C1 CompilerThread9" daemon [_thread_blocked, id=7968, stack(0x0000003af5300000,0x0000003af5400000)]
  0x00000210fe616000 JavaThread "C1 CompilerThread8" daemon [_thread_blocked, id=5980, stack(0x0000003af5200000,0x0000003af5300000)]
  0x00000210fe5eb800 JavaThread "C2 CompilerThread7" daemon [_thread_blocked, id=14588, stack(0x0000003af5100000,0x0000003af5200000)]
  0x00000210fe5d6800 JavaThread "C2 CompilerThread6" daemon [_thread_blocked, id=6352, stack(0x0000003af5000000,0x0000003af5100000)]
  0x00000210e7eae000 JavaThread "C2 CompilerThread5" daemon [_thread_blocked, id=8916, stack(0x0000003af4f00000,0x0000003af5000000)]
  0x00000210e7ead800 JavaThread "C2 CompilerThread4" daemon [_thread_blocked, id=13532, stack(0x0000003af4e00000,0x0000003af4f00000)]
  0x00000210e7eac800 JavaThread "C2 CompilerThread3" daemon [_thread_blocked, id=18204, stack(0x0000003af4d00000,0x0000003af4e00000)]
  0x00000210e7ea9800 JavaThread "C2 CompilerThread2" daemon [_thread_blocked, id=480, stack(0x0000003af4c00000,0x0000003af4d00000)]
  0x00000210e7ea9000 JavaThread "C2 CompilerThread1" daemon [_thread_blocked, id=22556, stack(0x0000003af4b00000,0x0000003af4c00000)]
  0x00000210fe5cb000 JavaThread "C2 CompilerThread0" daemon [_thread_blocked, id=25100, stack(0x0000003af4a00000,0x0000003af4b00000)]
  0x00000210fe5c9800 JavaThread "Attach Listener" daemon [_thread_blocked, id=16664, stack(0x0000003af4900000,0x0000003af4a00000)]
  0x00000210fe5c8800 JavaThread "Signal Dispatcher" daemon [_thread_blocked, id=17728, stack(0x0000003af4800000,0x0000003af4900000)]
  0x00000210fc2bb800 JavaThread "Finalizer" daemon [_thread_blocked, id=23868, stack(0x0000003af4700000,0x0000003af4800000)]
  0x00000210fe5b7000 JavaThread "Reference Handler" daemon [_thread_blocked, id=11992, stack(0x0000003af4600000,0x0000003af4700000)]
=>0x00000210e7df1000 JavaThread "main" [_thread_in_vm, id=11732, stack(0x0000003af3200000,0x0000003af3300000)]

Other Threads:
  0x00000210fe594000 VMThread [stack: 0x0000003af4500000,0x0000003af4600000] [id=25868]
  0x00000210fe68a800 WatcherThread [stack: 0x0000003af5700000,0x0000003af5800000] [id=26604]

VM state:not at safepoint (normal execution)

VM Mutex/Monitor currently owned by a thread: None

heap address: 0x00000005cdc00000, size: 7972 MB, Compressed Oops mode: Zero based, Oop shift amount: 3
Narrow klass base: 0x0000000000000000, Narrow klass shift: 3
Compressed class space size: 1073741824 Address: 0x00000007c0000000

Heap:
 PSYoungGen      total 149504K, used 46268K [0x0000000719f00000, 0x0000000724580000, 0x00000007c0000000)
  eden space 128512K, 36% used [0x0000000719f00000,0x000000071cc2f180,0x0000000721c80000)
  from space 20992K, 0% used [0x0000000723100000,0x0000000723100000,0x0000000724580000)
  to   space 20992K, 0% used [0x0000000721c80000,0x0000000721c80000,0x0000000723100000)
 ParOldGen       total 341504K, used 0K [0x00000005cdc00000, 0x00000005e2980000, 0x0000000719f00000)
  object space 341504K, 0% used [0x00000005cdc00000,0x00000005cdc00000,0x00000005e2980000)
 Metaspace       used 8488K, capacity 8758K, committed 8832K, reserved 1056768K
  class space    used 763K, capacity 868K, committed 896K, reserved 1048576K

Card table byte_map: [0x00000210f8b90000,0x00000210f9b30000] byte_map_base: 0x00000210f5d22000

Marking Bits: (ParMarkBitMap*) 0x00007ff958bc6040
 Begin Bits: [0x0000021080000000, 0x0000021087c90000)
 End Bits:   [0x0000021087c90000, 0x000002108f920000)

Polling page: 0x00000210e97a0000

CodeCache: size=245760Kb used=5369Kb max_used=5380Kb free=240391Kb
 bounds [0x00000210e97d0000, 0x00000210e9d20000, 0x00000210f87d0000]
 total_blobs=1995 nmethods=873 adapters=1033
 compilation: enabled

Compilation events (10 events):
Event: 2.923 Thread 0x00000210fe61f000  869       3       project_1.SandboxEngine.Scene.CellularAutomata::get_height (7 bytes)
Event: 2.923 Thread 0x00000210fe61f000 nmethod 869 0x00000210e9d03e50 code [0x00000210e9d03fc0, 0x00000210e9d04318]
Event: 2.953 Thread 0x00000210fe64a800  870       3       project_1.SandboxEngine.Pixel.Element.Liquid.Liquid::flow_liquid (505 bytes)
Event: 2.955 Thread 0x00000210fe64a800 nmethod 870 0x00000210e9d06210 code [0x00000210e9d06a40, 0x00000210e9d0c2c0]
Event: 3.213 Thread 0x00000210e7ea9800  871       4       project_1.SandboxEngine.Utilities.Button::render (282 bytes)
Event: 3.215 Thread 0x00000210e7ea9800 nmethod 871 0x00000210e9d0f6d0 code [0x00000210e9d0f9a0, 0x00000210e9d0ff38]
Event: 3.456 Thread 0x00000210e7eac800  872       4       project_1.SandboxEngine.Pixel.Element.Liquid.Liquid::update (70 bytes)
Event: 3.457 Thread 0x00000210e7eac800 nmethod 872 0x00000210e9d038d0 code [0x00000210e9d03a40, 0x00000210e9d03c28]
Event: 3.462 Thread 0x00000210e7ead800  873       4       project_1.SandboxEngine.KeyListener::isKeyPressed (52 bytes)
Event: 3.462 Thread 0x00000210e7ead800 nmethod 873 0x00000210e9d03590 code [0x00000210e9d036e0, 0x00000210e9d03798]

GC Heap History (0 events):
No events

Deoptimization events (9 events):
Event: 0.130 Thread 0x00000210e7df1000 Uncommon trap: reason=unstable_if action=reinterpret pc=0x00000210e9b27a34 method=java.lang.String.indexOf([CII[CIII)I @ 3
Event: 0.280 Thread 0x00000210e7df1000 Uncommon trap: reason=unstable_if action=reinterpret pc=0x00000210e9c31b7c method=java.lang.String.lastIndexOf([CII[CIII)I @ 66
Event: 1.407 Thread 0x00000210e7df1000 Uncommon trap: reason=unstable_if action=reinterpret pc=0x00000210e9cb02d0 method=project_1.SandboxEngine.Scene.CellularAutomata.update()V @ 59
Event: 1.407 Thread 0x00000210e7df1000 Uncommon trap: reason=unstable_if action=reinterpret pc=0x00000210e9cb0d84 method=project_1.SandboxEngine.Scene.CellularAutomata.draw()V @ 34
Event: 2.577 Thread 0x00000210e7df1000 Uncommon trap: reason=class_check action=maybe_recompile pc=0x00000210e9cc3d54 method=project_1.SandboxEngine.Scene.CellularAutomata.update()V @ 72
Event: 2.577 Thread 0x00000210e7df1000 Uncommon trap: reason=unstable_if action=reinterpret pc=0x00000210e9cb137c method=project_1.SandboxEngine.Scene.CellularAutomata.update()V @ 59
Event: 2.583 Thread 0x00000210e7df1000 Uncommon trap: reason=class_check action=maybe_recompile pc=0x00000210e9cc3d54 method=project_1.SandboxEngine.Scene.CellularAutomata.update()V @ 72
Event: 2.589 Thread 0x00000210e7df1000 Uncommon trap: reason=class_check action=maybe_recompile pc=0x00000210e9cc3d54 method=project_1.SandboxEngine.Scene.CellularAutomata.update()V @ 72
Event: 2.595 Thread 0x00000210e7df1000 Uncommon trap: reason=class_check action=maybe_recompile pc=0x00000210e9cc3d54 method=project_1.SandboxEngine.Scene.CellularAutomata.update()V @ 72

Classes redefined (0 events):
No events

Internal exceptions (10 events):
Event: 0.148 Thread 0x00000210e7df1000 Exception <a 'java/security/PrivilegedActionException'> (0x000000071af09478) thrown at [C:\jenkins\workspace\8-2-build-windows-x64-cygwin-sans-NAS\jdk8u391\514\hotspot\src\share\vm\prims\jvm.cpp, line 1513]
Event: 0.160 Thread 0x00000210e7df1000 Exception <a 'sun/nio/fs/WindowsException'> (0x000000071affc060) thrown at [C:\jenkins\workspace\8-2-build-windows-x64-cygwin-sans-NAS\jdk8u391\514\hotspot\src\share\vm\prims\jni.cpp, line 710]
Event: 0.160 Thread 0x00000210e7df1000 Exception <a 'sun/nio/fs/WindowsException'> (0x000000071affc728) thrown at [C:\jenkins\workspace\8-2-build-windows-x64-cygwin-sans-NAS\jdk8u391\514\hotspot\src\share\vm\prims\jni.cpp, line 710]
Event: 0.278 Thread 0x00000210e7df1000 Exception <a 'sun/nio/fs/WindowsException'> (0x000000071b115860) thrown at [C:\jenkins\workspace\8-2-build-windows-x64-cygwin-sans-NAS\jdk8u391\514\hotspot\src\share\vm\prims\jni.cpp, line 710]
Event: 0.278 Thread 0x00000210e7df1000 Exception <a 'sun/nio/fs/WindowsException'> (0x000000071b115f90) thrown at [C:\jenkins\workspace\8-2-build-windows-x64-cygwin-sans-NAS\jdk8u391\514\hotspot\src\share\vm\prims\jni.cpp, line 710]
Event: 0.280 Thread 0x00000210e7df1000 Exception <a 'sun/nio/fs/WindowsException'> (0x000000071b12ead8) thrown at [C:\jenkins\workspace\8-2-build-windows-x64-cygwin-sans-NAS\jdk8u391\514\hotspot\src\share\vm\prims\jni.cpp, line 710]
Event: 0.280 Thread 0x00000210e7df1000 Exception <a 'sun/nio/fs/WindowsException'> (0x000000071b12f0b8) thrown at [C:\jenkins\workspace\8-2-build-windows-x64-cygwin-sans-NAS\jdk8u391\514\hotspot\src\share\vm\prims\jni.cpp, line 710]
Event: 0.380 Thread 0x00000210e7df1000 Exception <a 'java/io/FileNotFoundException'> (0x000000071b355ef8) thrown at [C:\jenkins\workspace\8-2-build-windows-x64-cygwin-sans-NAS\jdk8u391\514\hotspot\src\share\vm\prims\jni.cpp, line 710]
Event: 0.387 Thread 0x00000210e7df1000 Exception <a 'sun/nio/fs/WindowsException'> (0x000000071b398e88) thrown at [C:\jenkins\workspace\8-2-build-windows-x64-cygwin-sans-NAS\jdk8u391\514\hotspot\src\share\vm\prims\jni.cpp, line 710]
Event: 0.387 Thread 0x00000210e7df1000 Exception <a 'sun/nio/fs/WindowsException'> (0x000000071b399578) thrown at [C:\jenkins\workspace\8-2-build-windows-x64-cygwin-sans-NAS\jdk8u391\514\hotspot\src\share\vm\prims\jni.cpp, line 710]

Events (10 events):
Event: 2.589 Thread 0x00000210e7df1000 Uncommon trap: trap_request=0xffffffde fr.pc=0x00000210e9cc3d54
Event: 2.589 Thread 0x00000210e7df1000 DEOPT PACKING pc=0x00000210e9cc3d54 sp=0x0000003af32ff120
Event: 2.589 Thread 0x00000210e7df1000 DEOPT UNPACKING pc=0x00000210e98158c3 sp=0x0000003af32ff098 mode 2
Event: 2.595 Thread 0x00000210e7df1000 Uncommon trap: trap_request=0xffffffde fr.pc=0x00000210e9cc3d54
Event: 2.595 Thread 0x00000210e7df1000 DEOPT PACKING pc=0x00000210e9cc3d54 sp=0x0000003af32ff120
Event: 2.595 Thread 0x00000210e7df1000 DEOPT UNPACKING pc=0x00000210e98158c3 sp=0x0000003af32ff098 mode 2
Event: 2.638 Thread 0x00000210e7df1000 DEOPT PACKING pc=0x00000210e9d00813 sp=0x0000003af32ff070
Event: 2.638 Thread 0x00000210e7df1000 DEOPT UNPACKING pc=0x00000210e9817518 sp=0x0000003af32fee10 mode 0
Event: 3.957 loading class org/lwjgl/glfw/Callbacks
Event: 3.957 loading class org/lwjgl/glfw/Callbacks done


Dynamic libraries:
0x00007ff6244c0000 - 0x00007ff62450a000 	C:\Program Files\Java\jdk-1.8\bin\java.exe
0x00007ff9f2590000 - 0x00007ff9f27a6000 	C:\Windows\SYSTEM32\ntdll.dll
0x00007ff9f1840000 - 0x00007ff9f1904000 	C:\Windows\System32\KERNEL32.DLL
0x00007ff9ef8b0000 - 0x00007ff9efc57000 	C:\Windows\System32\KERNELBASE.dll
0x00007ff9f1340000 - 0x00007ff9f13f2000 	C:\Windows\System32\ADVAPI32.dll
0x00007ff9f0b50000 - 0x00007ff9f0bf7000 	C:\Windows\System32\msvcrt.dll
0x00007ff9f0660000 - 0x00007ff9f0708000 	C:\Windows\System32\sechost.dll
0x00007ff9efdd0000 - 0x00007ff9efdf8000 	C:\Windows\System32\bcrypt.dll
0x00007ff9f22b0000 - 0x00007ff9f23c5000 	C:\Windows\System32\RPCRT4.dll
0x00007ff9f0c00000 - 0x00007ff9f0dae000 	C:\Windows\System32\USER32.dll
0x00007ff9efea0000 - 0x00007ff9efec6000 	C:\Windows\System32\win32u.dll
0x00007ff9f1920000 - 0x00007ff9f1949000 	C:\Windows\System32\GDI32.dll
0x00007ff9eff90000 - 0x00007ff9f00a9000 	C:\Windows\System32\gdi32full.dll
0x00007ff9efe00000 - 0x00007ff9efe9a000 	C:\Windows\System32\msvcp_win.dll
0x00007ff9f01a0000 - 0x00007ff9f02b1000 	C:\Windows\System32\ucrtbase.dll
0x00007ff9d3a60000 - 0x00007ff9d3cf3000 	C:\Windows\WinSxS\amd64_microsoft.windows.common-controls_6595b64144ccf1df_6.0.22621.3235_none_270f74e173860f98\COMCTL32.dll
0x00007ff9f1960000 - 0x00007ff9f1991000 	C:\Windows\System32\IMM32.DLL
0x00007ff9e0290000 - 0x00007ff9e02ab000 	C:\Program Files\Java\jdk-1.8\jre\bin\vcruntime140.dll
0x00007ff9dd0c0000 - 0x00007ff9dd0cc000 	C:\Program Files\Java\jdk-1.8\jre\bin\vcruntime140_1.dll
0x00007ff963130000 - 0x00007ff9631be000 	C:\Program Files\Java\jdk-1.8\jre\bin\msvcp140.dll
0x00007ff958390000 - 0x00007ff958c40000 	C:\Program Files\Java\jdk-1.8\jre\bin\server\jvm.dll
0x00007ff9f1910000 - 0x00007ff9f1918000 	C:\Windows\System32\PSAPI.DLL
0x00007ff9e4d10000 - 0x00007ff9e4d44000 	C:\Windows\SYSTEM32\WINMM.dll
0x00007ff9d5d80000 - 0x00007ff9d5d89000 	C:\Windows\SYSTEM32\WSOCK32.dll
0x00007ff9f24d0000 - 0x00007ff9f2541000 	C:\Windows\System32\WS2_32.dll
0x00007ff9e4d00000 - 0x00007ff9e4d0a000 	C:\Windows\SYSTEM32\VERSION.dll
0x00007ff9ee8b0000 - 0x00007ff9ee8c8000 	C:\Windows\SYSTEM32\kernel.appcore.dll
0x00007ff975590000 - 0x00007ff9755a0000 	C:\Program Files\Java\jdk-1.8\jre\bin\verify.dll
0x00007ff975560000 - 0x00007ff97558b000 	C:\Program Files\Java\jdk-1.8\jre\bin\java.dll
0x00007ff970b00000 - 0x00007ff970b18000 	C:\Program Files\Java\jdk-1.8\jre\bin\zip.dll
0x00007ff9f1a50000 - 0x00007ff9f22ac000 	C:\Windows\System32\SHELL32.dll
0x00007ff9ed7c0000 - 0x00007ff9ee0b9000 	C:\Windows\SYSTEM32\windows.storage.dll
0x00007ff9f02d0000 - 0x00007ff9f0658000 	C:\Windows\System32\combase.dll
0x00007ff9ed680000 - 0x00007ff9ed7be000 	C:\Windows\SYSTEM32\wintypes.dll
0x00007ff9f1230000 - 0x00007ff9f1323000 	C:\Windows\System32\SHCORE.dll
0x00007ff9f0a40000 - 0x00007ff9f0a9e000 	C:\Windows\System32\shlwapi.dll
0x00007ff9ef7e0000 - 0x00007ff9ef801000 	C:\Windows\SYSTEM32\profapi.dll
0x00007ff93e450000 - 0x00007ff9411aa000 	C:\Users\james\OneDrive\Desktop\SPRING_2024\Computer_Graphics\Project_1_CS5053\app\native\opencv_java342.dll
0x00007ff9f15c0000 - 0x00007ff9f1765000 	C:\Windows\System32\ole32.dll
0x00007ff9f0960000 - 0x00007ff9f0a37000 	C:\Windows\System32\OLEAUT32.dll
0x00007ff9dd310000 - 0x00007ff9dd33b000 	C:\Windows\SYSTEM32\MSVFW32.dll
0x00007ff9dd2f0000 - 0x00007ff9dd30a000 	C:\Windows\SYSTEM32\AVICAP32.dll
0x00007ff9d9f80000 - 0x00007ff9d9fa4000 	C:\Windows\SYSTEM32\AVIFIL32.dll
0x00007ff9e09a0000 - 0x00007ff9e0a2a000 	C:\Windows\SYSTEM32\MF.dll
0x00007ff9dff70000 - 0x00007ff9e013e000 	C:\Windows\SYSTEM32\MFPlat.DLL
0x00007ff970de0000 - 0x00007ff970eff000 	C:\Windows\SYSTEM32\MFReadWrite.dll
0x00007ff9ebf40000 - 0x00007ff9ec197000 	C:\Windows\SYSTEM32\d3d11.dll
0x00007ff9dd0d0000 - 0x00007ff9dd0ee000 	C:\Windows\SYSTEM32\MSACM32.dll
0x00007ff9ef5a0000 - 0x00007ff9ef5ee000 	C:\Windows\SYSTEM32\cfgmgr32.dll
0x00007ff9ecf20000 - 0x00007ff9ed018000 	C:\Windows\SYSTEM32\dxgi.dll
0x00007ff9df880000 - 0x00007ff9dfc19000 	C:\Windows\SYSTEM32\MFCORE.DLL
0x00007ff9f00b0000 - 0x00007ff9f0129000 	C:\Windows\System32\bcryptPrimitives.dll
0x00007ff9dd580000 - 0x00007ff9dd5b3000 	C:\Windows\SYSTEM32\RTWorkQ.DLL
0x00007ff9702a0000 - 0x00007ff9702bc000 	C:\Program Files\Java\jdk-1.8\jre\bin\net.dll
0x00007ff9eedc0000 - 0x00007ff9eee29000 	C:\Windows\system32\mswsock.dll
0x00007ff96de70000 - 0x00007ff96de83000 	C:\Program Files\Java\jdk-1.8\jre\bin\nio.dll
0x00007ff9cc410000 - 0x00007ff9cc48b000 	C:\Users\james\AppData\Local\Temp\lwjgl_james\3.3.3+5\x64\lwjgl.dll
0x00007ff9cc380000 - 0x00007ff9cc402000 	C:\Users\james\AppData\Local\Temp\lwjgl_james\3.3.3+5\x64\glfw.dll
0x00007ff9d9f30000 - 0x00007ff9d9f76000 	C:\Windows\SYSTEM32\dinput8.dll
0x00007ff9c7bb0000 - 0x00007ff9c7bc1000 	C:\Windows\SYSTEM32\xinput1_4.dll
0x00007ff9ef570000 - 0x00007ff9ef59c000 	C:\Windows\SYSTEM32\DEVOBJ.dll
0x00007ff9ed210000 - 0x00007ff9ed23b000 	C:\Windows\SYSTEM32\dwmapi.dll
0x00007ff9dbbd0000 - 0x00007ff9dbdda000 	C:\Windows\SYSTEM32\inputhost.dll
0x00007ff9ec810000 - 0x00007ff9ec944000 	C:\Windows\SYSTEM32\CoreMessaging.dll
0x00007ff9ecdd0000 - 0x00007ff9ece7b000 	C:\Windows\system32\uxtheme.dll
0x00007ff9f0710000 - 0x00007ff9f0863000 	C:\Windows\System32\MSCTF.dll
0x00007ff9ef050000 - 0x00007ff9ef05c000 	C:\Windows\SYSTEM32\CRYPTBASE.DLL
0x00007ff9740f0000 - 0x00007ff9741f0000 	C:\Windows\SYSTEM32\opengl32.dll
0x00007ff993460000 - 0x00007ff99348d000 	C:\Windows\SYSTEM32\GLU32.dll
0x00007ff9ecee0000 - 0x00007ff9ecf19000 	C:\Windows\SYSTEM32\dxcore.dll
0x00007ff9f0aa0000 - 0x00007ff9f0b50000 	C:\Windows\System32\clbcatq.dll
0x00007ff9de9d0000 - 0x00007ff9de9fe000 	C:\Windows\System32\DriverStore\FileRepository\u0397214.inf_amd64_8ee7fc67dd7fdd75\B397164\atig6pxx.dll
0x00007ff9486e0000 - 0x00007ff94cbbf000 	C:\Windows\System32\DriverStore\FileRepository\u0397214.inf_amd64_8ee7fc67dd7fdd75\B397164\atio6axx.dll
0x00007ff9f0db0000 - 0x00007ff9f1224000 	C:\Windows\System32\SETUPAPI.dll
0x00007ff9e11f0000 - 0x00007ff9e1225000 	C:\Windows\SYSTEM32\amdihk64.dll
0x00007ff9f0130000 - 0x00007ff9f019b000 	C:\Windows\System32\WINTRUST.dll
0x00007ff9efc60000 - 0x00007ff9efdc7000 	C:\Windows\System32\CRYPT32.dll
0x00007ff9ef0f0000 - 0x00007ff9ef102000 	C:\Windows\SYSTEM32\MSASN1.dll
0x00007ff9e9330000 - 0x00007ff9e937a000 	C:\Windows\SYSTEM32\directxdatabasehelper.dll
0x00007ff9dcb50000 - 0x00007ff9dcc9a000 	C:\Windows\SYSTEM32\textinputframework.dll
0x00007ff9c4150000 - 0x00007ff9c41ae000 	C:\Users\james\AppData\Local\Temp\lwjgl_james\3.3.3+5\x64\lwjgl_opengl.dll
0x00007ff95a200000 - 0x00007ff95a37f000 	C:\Program Files\Java\jdk-1.8\jre\bin\awt.dll
0x00007ff9ecc10000 - 0x00007ff9ecca7000 	C:\Windows\SYSTEM32\apphelp.dll
0x00007ff998fc0000 - 0x00007ff999042000 	C:\Users\james\AppData\Local\Temp\lwjgl_james\3.3.3+5\x64\lwjgl_stb.dll
0x00007ff9e86d0000 - 0x00007ff9e8a3c000 	C:\Windows\SYSTEM32\CoreUIComponents.dll
0x00007ff9e6770000 - 0x00007ff9e69a3000 	C:\Windows\SYSTEM32\dbghelp.dll

VM Arguments:
jvm_args: -Dfile.encoding=windows-1252 -Duser.country=US -Duser.language=en -Duser.variant 
java_command: project_1.App
java_class_path (initial): C:\Users\james\OneDrive\Desktop\SPRING_2024\Computer_Graphics\Project_1_CS5053\app\build\classes\java\main;C:\Users\james\OneDrive\Desktop\SPRING_2024\Computer_Graphics\Project_1_CS5053\app\build\resources\main;C:\Users\james\.gradle\caches\modules-2\files-2.1\com.google.guava\guava\31.1-jre\60458f877d055d0c9114d9e1a2efb737b4bc282c\guava-31.1-jre.jar;C:\Users\james\.gradle\caches\modules-2\files-2.1\org.openpnp\opencv\3.4.2-0\8f81edf25d942f1d246f20e8a31ddd0d5958ddf6\opencv-3.4.2-0.jar;C:\Users\james\.gradle\caches\modules-2\files-2.1\org.bytedeco.javacpp-presets\opencv\3.4.2-1.4.2\93b77f57a6aabf24f9a1d6ebba75f9aac8ae75f3\opencv-3.4.2-1.4.2.jar;C:\Users\james\.gradle\caches\modules-2\files-2.1\org.bytedeco.javacpp-presets\opencv\3.4.2-1.4.2\5ec3ebecb00bb9cd635328c94d493e43e97b697b\opencv-3.4.2-1.4.2-windows-x86_64.jar;C:\Users\james\.gradle\caches\modules-2\files-2.1\org.lwjgl\lwjgl-assimp\3.3.3\c2c34011cbda30ed8cf98bc5cbf97b49afe5279a\lwjgl-assimp-3.3.3.jar;C:\Users\james\.gradle\caches\modules-2\files-2.1\org.lwjgl\lwjgl-assimp\3.3.3\d90ccdade594716062975cffd1431d387f770ac4\lwjgl-assimp-3.3.3-natives-windows.jar;C:\Users\james\.gradle\caches\modules-2\files-2.1\org.lwjgl\lwjgl-glfw\3.3.3\efa1eb78c5ccd840e9f329717109b5e892d72f8e\lwjgl-glfw-3.3.3.jar;C:\Users\james\.gradle\caches\modules-2\files-2.1\org.lwjgl\lwjgl-glfw\3.3.3\e449e28b4891fc423c54c85fbc5bb0b9efece67a\lwjgl-glfw-3.3.3-natives-windows.jar;C:\Users\james\.gradle\caches\modules-2\files-2.1\org.lwjgl\lwjgl-nfd\3.3.3\f1b41d3a0a2f5cd2a55a6a59a618c87d0348681c\lwjgl-nfd-3.3.3.jar;C:\Users\james\.gradle\caches\modules-2\files-2.1\org.lwjgl\lwjgl-nfd\3.3.3\3a39132eef695dcb7631adc1d02e493527940d10\lwjgl-nfd-3.3.3-natives-windows.jar;C:\Users\james\.gradle\caches\modules-2\files-2.1\org.lwjgl\lwjgl-openal\3.3.3\daada81ceb5fc0c291fbfdd4433cb8d9423577f2\lwjgl-openal-3.3.3.jar;C:\Users\james\.gradle\caches\modules-2\files-2.1\org.lwjgl\lwjgl-openal\3.3.3\cf83862ae95d98496b26915024c7e666d8
Launcher Type: SUN_STANDARD

Environment Variables:
JAVA_HOME=C:\Program Files\Java\jdk-1.8
CLASSPATH=C:\Users\james\OneDrive\Desktop\SPRING_2024\Computer_Graphics\Project_1_CS5053\\gradle\wrapper\gradle-wrapper.jar
PATH=C:\ProgramData\miniconda3\condabin;C:\Program Files (x86)\Common Files\Oracle\Java\javapath;C:\Program Files\Oculus\Support\oculus-runtime;C:\Windows\system32;C:\Windows;C:\Windows\System32\Wbem;C:\Windows\System32\WindowsPowerShell\v1.0\;C:\Windows\System32\OpenSSH\;C:\Program Files\Git\cmd;C:\Program Files\PuTTY\;C:\Program Files\dotnet\;C:\Program Files\Java\jdk-1.8\bin;C:\Program Files\PowerShell\7\;C:\Users\james\AppData\Local\Programs\Python\Python311\Scripts\;C:\Users\james\AppData\Local\Programs\Python\Python311\;C:\Users\james\AppData\Local\Microsoft\WindowsApps;;C:\Users\james\AppData\Local\Programs\Microsoft VS Code\bin;C:\Users\james\AppData\Local\Programs\Azure Data Studio\bin;C:\Program Files\JetBrains\IntelliJ IDEA Community Edition 2023.3.4\bin;
USERNAME=james
OS=Windows_NT
PROCESSOR_IDENTIFIER=AMD64 Family 25 Model 97 Stepping 2, AuthenticAMD



---------------  S Y S T E M  ---------------

OS: Windows 11 , 64 bit Build 22621 (10.0.22621.3374)

CPU:total 24 (initial active 24) (24 cores per cpu, 1 threads per core) family 25 model 97 stepping 2, cmov, cx8, fxsr, mmx, sse, sse2, sse3, ssse3, sse4.1, sse4.2, popcnt, avx, avx2, aes, clmul, erms, mmxext, 3dnowpref, lzcnt, sse4a, tsc, tscinvbit, tscinv, bmi1

Memory: 4k page, physical 32652008k(19005280k free), swap 73612008k(52687632k free)

vm_info: Java HotSpot(TM) 64-Bit Server VM (25.391-b13) for windows-amd64 JRE (1.8.0_391-b13), built on Oct  4 2023 07:54:08 by "java_re" with MS VC++ 17.1 (VS2022)

time: Fri Apr 26 10:45:41 2024
timezone: Central Daylight Time
elapsed time: 3.976446 seconds (0d 0h 0m 3s)

