#
# A fatal error has been detected by the Java Runtime Environment:
#
#  EXCEPTION_ACCESS_VIOLATION (0xc0000005) at pc=0x00007ff9476ce93c, pid=14664, tid=0x0000000000004e4c
#
# JRE version: Java(TM) SE Runtime Environment (8.0_391) (build 1.8.0_391-b13)
# Java VM: Java HotSpot(TM) 64-Bit Server VM (25.391-b13 mixed mode windows-amd64 compressed oops)
# Problematic frame:
# V  [jvm.dll+0x21e93c]
#
# Failed to write core dump. Minidumps are not enabled by default on client versions of Windows
#
# If you would like to submit a bug report, please visit:
#   http://bugreport.java.com/bugreport/crash.jsp
#

---------------  T H R E A D  ---------------

Current thread (0x0000018f26d79000):  JavaThread "main" [_thread_in_vm, id=20044, stack(0x0000007b8c200000,0x0000007b8c300000)]

siginfo: ExceptionCode=0xc0000005, writing address 0x0000000000000040

Registers:
RAX=0x0000000723108000, RBX=0x0000018f26d79000, RCX=0x0000000000000040, RDX=0x0000000000000040
RSP=0x0000007b8c2fef88, RBP=0x0000007b8c2ff030, RSI=0x0000000000000108, RDI=0x0000000000000040
R8 =0x0000000000000040, R9 =0x00000007231ac480, R10=0x0000018f287999c2, R11=0x00007ff9476ed650
R12=0x0000000000000000, R13=0x0000018f4a31eca8, R14=0x0000007b8c2ff058, R15=0x0000018f26d79000
RIP=0x00007ff9476ce93c, EFLAGS=0x0000000000010202

Top of Stack: (sp=0x0000007b8c2fef88)
0x0000007b8c2fef88:   00007ff94760b98f 0000007b8c2fefe8
0x0000007b8c2fef98:   0000018f4a3a71b8 0000000000000000
0x0000007b8c2fefa8:   0000018f4a3a32d0 00000000000048be
0x0000007b8c2fefb8:   0000018f287999ee 0000018f4a31eca8
0x0000007b8c2fefc8:   0000000000000108 0000000000000000
0x0000007b8c2fefd8:   0000018f4a950050 0000007b8c2ff048
0x0000007b8c2fefe8:   0000018f28787f10 0000007b8c2feff0
0x0000007b8c2feff8:   0000000000000000 0000007b8c2ff058
0x0000007b8c2ff008:   0000018f4a39d090 0000000000000000
0x0000007b8c2ff018:   0000018f4a31eca8 0000000000000000
0x0000007b8c2ff028:   0000007b8c2ff050 0000007b8c2ff0a0
0x0000007b8c2ff038:   0000018f287883fd 00000007231ac110
0x0000007b8c2ff048:   0000018f28792df8 0000000000000040
0x0000007b8c2ff058:   0000000000000001 0000007b8c2ff060
0x0000007b8c2ff068:   0000018f4a31ed4c 0000007b8c2ff0b8
0x0000007b8c2ff078:   0000018f4a39d090 0000000000000000 

Instructions: (pc=0x00007ff9476ce93c)
0x00007ff9476ce91c:   8b 6c 24 50 48 8b 74 24 58 48 83 c4 20 41 5f 41
0x00007ff9476ce92c:   5c 5f c3 cc 48 85 c9 74 0a 48 8b 05 7c 88 60 00
0x00007ff9476ce93c:   48 89 01 c3 48 85 c9 74 0b 48 8b 05 6c 88 60 00
0x00007ff9476ce94c:   48 89 41 ff c3 cc cc cc cc cc cc cc cc cc cc cc 


Register to memory mapping:

RAX=0x0000000723108000 is an oop
java.lang.Object 
 - klass: 'java/lang/Object'
 - ---- fields (total size 2 words):
RBX=0x0000018f26d79000 is a thread
RCX=0x0000000000000040 is an unknown value
RDX=0x0000000000000040 is an unknown value
RSP=0x0000007b8c2fef88 is pointing into the stack for thread: 0x0000018f26d79000
RBP=0x0000007b8c2ff030 is pointing into the stack for thread: 0x0000018f26d79000
RSI=0x0000000000000108 is an unknown value
RDI=0x0000000000000040 is an unknown value
R8 =0x0000000000000040 is an unknown value
R9 =0x00000007231ac480 is an oop
java.lang.Class 
 - klass: 'java/lang/Class'
 - ---- fields (total size 14 words):
 - private volatile transient strict 'cachedConstructor' 'Ljava/lang/reflect/Constructor;' @12  NULL (0 0)
 - private volatile transient strict 'newInstanceCallerCache' 'Ljava/lang/Class;' @16  NULL (0 0)
 - private transient 'name' 'Ljava/lang/String;' @20  NULL (0 e4620294)
 - private final 'classLoader' 'Ljava/lang/ClassLoader;' @24  a 'sun/misc/Launcher$AppClassLoader' (e4620294 0)
 - private volatile transient strict 'reflectionData' 'Ljava/lang/ref/SoftReference;' @28  NULL (0 0)
 - private volatile transient 'genericInfo' 'Lsun/reflect/generics/repository/ClassRepository;' @32  NULL (0 0)
 - private volatile transient strict 'enumConstants' '[Ljava/lang/Object;' @36  NULL (0 0)
 - private volatile transient strict 'enumConstantDirectory' 'Ljava/util/Map;' @40  NULL (0 0)
 - private volatile transient 'annotationData' 'Ljava/lang/Class$AnnotationData;' @44  NULL (0 0)
 - private volatile transient 'annotationType' 'Lsun/reflect/annotation/AnnotationType;' @48  NULL (0 0)
 - transient 'classValueMap' 'Ljava/lang/ClassValue$ClassValueMap;' @52  NULL (0 e4623033)
 - private volatile transient 'classRedefinedCount' 'I' @88  0
 - signature: Lorg/lwjgl/system/Checks;
 - fake entry for mirror: 
 - fake entry for array: NULL
 - fake entry for oop_size: 14
 - fake entry for static_oop_field_count: 0
 - public static final 'CHECKS' 'Z' @104  true
 - public static final 'DEBUG' 'Z' @105  false
 - public static final 'DEBUG_FUNCTIONS' 'Z' @106  false
R10=0x0000018f287999c2 is at code_begin+962 in an Interpreter codelet
method entry point (kind = native)  [0x0000018f28799600, 0x0000018f2879a0a0]  2720 bytes
R11=0x00007ff9476ed650 is an unknown value
R12=0x0000000000000000 is an unknown value
R13={method} {0x0000018f4a31ecb0} 'nDeleteGlobalRef' '(J)V' in 'org/lwjgl/system/jni/JNINativeInterface'
R14=0x0000007b8c2ff058 is pointing into the stack for thread: 0x0000018f26d79000
R15=0x0000018f26d79000 is a thread


Stack: [0x0000007b8c200000,0x0000007b8c300000],  sp=0x0000007b8c2fef88,  free space=1019k
Native frames: (J=compiled Java code, j=interpreted, Vv=VM code, C=native code)
V  [jvm.dll+0x21e93c]

Java frames: (J=compiled Java code, j=interpreted, Vv=VM code)
j  org.lwjgl.system.jni.JNINativeInterface.nDeleteGlobalRef(J)V+0
j  org.lwjgl.system.jni.JNINativeInterface.DeleteGlobalRef(J)V+12
j  org.lwjgl.system.Callback.free(J)V+25
j  org.lwjgl.glfw.Callbacks.glfwFreeCallbacks(J)V+165
j  project_1.SandboxEngine.Window.run()V+58
j  project_1.App.main([Ljava/lang/String;)V+15
v  ~StubRoutines::call_stub

---------------  P R O C E S S  ---------------

Java Threads: ( => current thread )
  0x0000018f4cfa4000 JavaThread "Service Thread" daemon [_thread_blocked, id=13824, stack(0x0000007b8e600000,0x0000007b8e700000)]
  0x0000018f4cf16800 JavaThread "C1 CompilerThread11" daemon [_thread_blocked, id=17972, stack(0x0000007b8e500000,0x0000007b8e600000)]
  0x0000018f4cf14000 JavaThread "C1 CompilerThread10" daemon [_thread_blocked, id=12728, stack(0x0000007b8e400000,0x0000007b8e500000)]
  0x0000018f4cf15800 JavaThread "C1 CompilerThread9" daemon [_thread_blocked, id=20168, stack(0x0000007b8e300000,0x0000007b8e400000)]
  0x0000018f4cf0a800 JavaThread "C1 CompilerThread8" daemon [_thread_blocked, id=13088, stack(0x0000007b8e200000,0x0000007b8e300000)]
  0x0000018f4ced9800 JavaThread "C2 CompilerThread7" daemon [_thread_blocked, id=14464, stack(0x0000007b8e100000,0x0000007b8e200000)]
  0x0000018f4ced1000 JavaThread "C2 CompilerThread6" daemon [_thread_blocked, id=26112, stack(0x0000007b8e000000,0x0000007b8e100000)]
  0x0000018f4cec6000 JavaThread "C2 CompilerThread5" daemon [_thread_blocked, id=9720, stack(0x0000007b8df00000,0x0000007b8e000000)]
  0x0000018f4cec2000 JavaThread "C2 CompilerThread4" daemon [_thread_blocked, id=13520, stack(0x0000007b8de00000,0x0000007b8df00000)]
  0x0000018f26e2e000 JavaThread "C2 CompilerThread3" daemon [_thread_blocked, id=1768, stack(0x0000007b8dd00000,0x0000007b8de00000)]
  0x0000018f26e2b000 JavaThread "C2 CompilerThread2" daemon [_thread_blocked, id=2980, stack(0x0000007b8dc00000,0x0000007b8dd00000)]
  0x0000018f4cebc000 JavaThread "C2 CompilerThread1" daemon [_thread_blocked, id=9184, stack(0x0000007b8db00000,0x0000007b8dc00000)]
  0x0000018f4ceba800 JavaThread "C2 CompilerThread0" daemon [_thread_blocked, id=22336, stack(0x0000007b8da00000,0x0000007b8db00000)]
  0x0000018f4ceba000 JavaThread "Attach Listener" daemon [_thread_blocked, id=21008, stack(0x0000007b8d900000,0x0000007b8da00000)]
  0x0000018f4ceb9000 JavaThread "Signal Dispatcher" daemon [_thread_blocked, id=21588, stack(0x0000007b8d800000,0x0000007b8d900000)]
  0x0000018f4cea7000 JavaThread "Finalizer" daemon [_thread_blocked, id=16924, stack(0x0000007b8d700000,0x0000007b8d800000)]
  0x0000018f4cea6000 JavaThread "Reference Handler" daemon [_thread_blocked, id=2632, stack(0x0000007b8d600000,0x0000007b8d700000)]
=>0x0000018f26d79000 JavaThread "main" [_thread_in_vm, id=20044, stack(0x0000007b8c200000,0x0000007b8c300000)]

Other Threads:
  0x0000018f4ce83000 VMThread [stack: 0x0000007b8d500000,0x0000007b8d600000] [id=10600]
  0x0000018f4cfc7000 WatcherThread [stack: 0x0000007b8e700000,0x0000007b8e800000] [id=22696]

VM state:not at safepoint (normal execution)

VM Mutex/Monitor currently owned by a thread: None

heap address: 0x00000005cdc00000, size: 7972 MB, Compressed Oops mode: Zero based, Oop shift amount: 3
Narrow klass base: 0x0000000000000000, Narrow klass shift: 3
Compressed class space size: 1073741824 Address: 0x00000007c0000000

Heap:
 PSYoungGen      total 149504K, used 67529K [0x0000000719f00000, 0x0000000724580000, 0x00000007c0000000)
  eden space 128512K, 50% used [0x0000000719f00000,0x000000071def6500,0x0000000721c80000)
  from space 20992K, 9% used [0x0000000723100000,0x00000007232fc010,0x0000000724580000)
  to   space 20992K, 0% used [0x0000000721c80000,0x0000000721c80000,0x0000000723100000)
 ParOldGen       total 341504K, used 32K [0x00000005cdc00000, 0x00000005e2980000, 0x0000000719f00000)
  object space 341504K, 0% used [0x00000005cdc00000,0x00000005cdc08000,0x00000005e2980000)
 Metaspace       used 8546K, capacity 8762K, committed 8832K, reserved 1056768K
  class space    used 764K, capacity 868K, committed 896K, reserved 1048576K

Card table byte_map: [0x0000018f37b40000,0x0000018f38ae0000] byte_map_base: 0x0000018f34cd2000

Marking Bits: (ParMarkBitMap*) 0x00007ff947ce6040
 Begin Bits: [0x0000018f39550000, 0x0000018f411e0000)
 End Bits:   [0x0000018f411e0000, 0x0000018f48e70000)

Polling page: 0x0000018f26d00000

CodeCache: size=245760Kb used=5899Kb max_used=5912Kb free=239860Kb
 bounds [0x0000018f28780000, 0x0000018f28d50000, 0x0000018f37780000]
 total_blobs=2110 nmethods=988 adapters=1033
 compilation: enabled

Compilation events (10 events):
Event: 71.817 Thread 0x0000018f4cf0a800  984       3       project_1.SandboxEngine.Scene.SceneManager::update (33 bytes)
Event: 71.817 Thread 0x0000018f4cf16800  985       3       project_1.SandboxEngine.Pixel.Special.Conway::increment_counter (38 bytes)
Event: 71.817 Thread 0x0000018f4cf16800 nmethod 985 0x0000018f28d2f6d0 code [0x0000018f28d2f840, 0x0000018f28d2fa78]
Event: 71.817 Thread 0x0000018f4cf0a800 nmethod 984 0x0000018f28d2e9d0 code [0x0000018f28d2ec00, 0x0000018f28d2f390]
Event: 72.538 Thread 0x0000018f4cec2000  986       4       project_1.SandboxEngine.Scene.CellularAutomata::get_pixel (42 bytes)
Event: 72.539 Thread 0x0000018f4cec2000 nmethod 986 0x0000018f28d423d0 code [0x0000018f28d42520, 0x0000018f28d42738]
Event: 79.641 Thread 0x0000018f4cf16800  987       3       java.lang.StrictMath::floorOrCeil (128 bytes)
Event: 79.641 Thread 0x0000018f4cf16800 nmethod 987 0x0000018f28d41cd0 code [0x0000018f28d41e40, 0x0000018f28d422d8]
Event: 79.823 Thread 0x0000018f4cebc000  988       4       project_1.SandboxEngine.Scene.SceneManager::pull_events (1438 bytes)
Event: 79.841 Thread 0x0000018f4cebc000 nmethod 988 0x0000018f28d455d0 code [0x0000018f28d45b00, 0x0000018f28d47ef0]

GC Heap History (8 events):
Event: 19.062 GC heap before
{Heap before GC invocations=1 (full 0):
 PSYoungGen      total 149504K, used 128512K [0x0000000719f00000, 0x0000000724580000, 0x00000007c0000000)
  eden space 128512K, 100% used [0x0000000719f00000,0x0000000721c80000,0x0000000721c80000)
  from space 20992K, 0% used [0x0000000723100000,0x0000000723100000,0x0000000724580000)
  to   space 20992K, 0% used [0x0000000721c80000,0x0000000721c80000,0x0000000723100000)
 ParOldGen       total 341504K, used 0K [0x00000005cdc00000, 0x00000005e2980000, 0x0000000719f00000)
  object space 341504K, 0% used [0x00000005cdc00000,0x00000005cdc00000,0x00000005e2980000)
 Metaspace       used 8523K, capacity 8758K, committed 8832K, reserved 1056768K
  class space    used 763K, capacity 868K, committed 896K, reserved 1048576K
Event: 19.065 GC heap after
Heap after GC invocations=1 (full 0):
 PSYoungGen      total 149504K, used 3233K [0x0000000719f00000, 0x0000000724580000, 0x00000007c0000000)
  eden space 128512K, 0% used [0x0000000719f00000,0x0000000719f00000,0x0000000721c80000)
  from space 20992K, 15% used [0x0000000721c80000,0x0000000721fa8730,0x0000000723100000)
  to   space 20992K, 0% used [0x0000000723100000,0x0000000723100000,0x0000000724580000)
 ParOldGen       total 341504K, used 16K [0x00000005cdc00000, 0x00000005e2980000, 0x0000000719f00000)
  object space 341504K, 0% used [0x00000005cdc00000,0x00000005cdc04000,0x00000005e2980000)
 Metaspace       used 8523K, capacity 8758K, committed 8832K, reserved 1056768K
  class space    used 763K, capacity 868K, committed 896K, reserved 1048576K
}
Event: 38.834 GC heap before
{Heap before GC invocations=2 (full 0):
 PSYoungGen      total 149504K, used 131745K [0x0000000719f00000, 0x0000000724580000, 0x00000007c0000000)
  eden space 128512K, 100% used [0x0000000719f00000,0x0000000721c80000,0x0000000721c80000)
  from space 20992K, 15% used [0x0000000721c80000,0x0000000721fa8730,0x0000000723100000)
  to   space 20992K, 0% used [0x0000000723100000,0x0000000723100000,0x0000000724580000)
 ParOldGen       total 341504K, used 16K [0x00000005cdc00000, 0x00000005e2980000, 0x0000000719f00000)
  object space 341504K, 0% used [0x00000005cdc00000,0x00000005cdc04000,0x00000005e2980000)
 Metaspace       used 8534K, capacity 8758K, committed 8832K, reserved 1056768K
  class space    used 763K, capacity 868K, committed 896K, reserved 1048576K
Event: 38.836 GC heap after
Heap after GC invocations=2 (full 0):
 PSYoungGen      total 149504K, used 2176K [0x0000000719f00000, 0x0000000724580000, 0x00000007c0000000)
  eden space 128512K, 0% used [0x0000000719f00000,0x0000000719f00000,0x0000000721c80000)
  from space 20992K, 10% used [0x0000000723100000,0x0000000723320000,0x0000000724580000)
  to   space 20992K, 0% used [0x0000000721c80000,0x0000000721c80000,0x0000000723100000)
 ParOldGen       total 341504K, used 24K [0x00000005cdc00000, 0x00000005e2980000, 0x0000000719f00000)
  object space 341504K, 0% used [0x00000005cdc00000,0x00000005cdc06000,0x00000005e2980000)
 Metaspace       used 8534K, capacity 8758K, committed 8832K, reserved 1056768K
  class space    used 763K, capacity 868K, committed 896K, reserved 1048576K
}
Event: 57.307 GC heap before
{Heap before GC invocations=3 (full 0):
 PSYoungGen      total 149504K, used 130688K [0x0000000719f00000, 0x0000000724580000, 0x00000007c0000000)
  eden space 128512K, 100% used [0x0000000719f00000,0x0000000721c80000,0x0000000721c80000)
  from space 20992K, 10% used [0x0000000723100000,0x0000000723320000,0x0000000724580000)
  to   space 20992K, 0% used [0x0000000721c80000,0x0000000721c80000,0x0000000723100000)
 ParOldGen       total 341504K, used 24K [0x00000005cdc00000, 0x00000005e2980000, 0x0000000719f00000)
  object space 341504K, 0% used [0x00000005cdc00000,0x00000005cdc06000,0x00000005e2980000)
 Metaspace       used 8535K, capacity 8758K, committed 8832K, reserved 1056768K
  class space    used 763K, capacity 868K, committed 896K, reserved 1048576K
Event: 57.309 GC heap after
Heap after GC invocations=3 (full 0):
 PSYoungGen      total 149504K, used 2064K [0x0000000719f00000, 0x0000000724580000, 0x00000007c0000000)
  eden space 128512K, 0% used [0x0000000719f00000,0x0000000719f00000,0x0000000721c80000)
  from space 20992K, 9% used [0x0000000721c80000,0x0000000721e84010,0x0000000723100000)
  to   space 20992K, 0% used [0x0000000723100000,0x0000000723100000,0x0000000724580000)
 ParOldGen       total 341504K, used 32K [0x00000005cdc00000, 0x00000005e2980000, 0x0000000719f00000)
  object space 341504K, 0% used [0x00000005cdc00000,0x00000005cdc08000,0x00000005e2980000)
 Metaspace       used 8535K, capacity 8758K, committed 8832K, reserved 1056768K
  class space    used 763K, capacity 868K, committed 896K, reserved 1048576K
}
Event: 73.144 GC heap before
{Heap before GC invocations=4 (full 0):
 PSYoungGen      total 149504K, used 130576K [0x0000000719f00000, 0x0000000724580000, 0x00000007c0000000)
  eden space 128512K, 100% used [0x0000000719f00000,0x0000000721c80000,0x0000000721c80000)
  from space 20992K, 9% used [0x0000000721c80000,0x0000000721e84010,0x0000000723100000)
  to   space 20992K, 0% used [0x0000000723100000,0x0000000723100000,0x0000000724580000)
 ParOldGen       total 341504K, used 32K [0x00000005cdc00000, 0x00000005e2980000, 0x0000000719f00000)
  object space 341504K, 0% used [0x00000005cdc00000,0x00000005cdc08000,0x00000005e2980000)
 Metaspace       used 8542K, capacity 8762K, committed 8832K, reserved 1056768K
  class space    used 763K, capacity 868K, committed 896K, reserved 1048576K
Event: 73.146 GC heap after
Heap after GC invocations=4 (full 0):
 PSYoungGen      total 149504K, used 2032K [0x0000000719f00000, 0x0000000724580000, 0x00000007c0000000)
  eden space 128512K, 0% used [0x0000000719f00000,0x0000000719f00000,0x0000000721c80000)
  from space 20992K, 9% used [0x0000000723100000,0x00000007232fc010,0x0000000724580000)
  to   space 20992K, 0% used [0x0000000721c80000,0x0000000721c80000,0x0000000723100000)
 ParOldGen       total 341504K, used 32K [0x00000005cdc00000, 0x00000005e2980000, 0x0000000719f00000)
  object space 341504K, 0% used [0x00000005cdc00000,0x00000005cdc08000,0x00000005e2980000)
 Metaspace       used 8542K, capacity 8762K, committed 8832K, reserved 1056768K
  class space    used 763K, capacity 868K, committed 896K, reserved 1048576K
}

Deoptimization events (10 events):
Event: 71.035 Thread 0x0000018f26d79000 Uncommon trap: reason=unstable_if action=reinterpret pc=0x0000018f28d235f8 method=project_1.SandboxEngine.Scene.CellularAutomata.update()V @ 81
Event: 71.035 Thread 0x0000018f26d79000 Uncommon trap: reason=unstable_if action=reinterpret pc=0x0000018f28cb0c90 method=project_1.SandboxEngine.Scene.CellularAutomata.update()V @ 81
Event: 71.041 Thread 0x0000018f26d79000 Uncommon trap: reason=unstable_if action=reinterpret pc=0x0000018f28cba560 method=project_1.SandboxEngine.Scene.CellularAutomata.update()V @ 81
Event: 71.217 Thread 0x0000018f26d79000 Uncommon trap: reason=unstable_if action=reinterpret pc=0x0000018f28d2d4a0 method=project_1.SandboxEngine.Scene.CellularAutomata.update()V @ 87
Event: 71.217 Thread 0x0000018f26d79000 Uncommon trap: reason=unstable_if action=reinterpret pc=0x0000018f28cd6390 method=project_1.SandboxEngine.Scene.CellularAutomata.pos_allowed(Lorg/joml/Vector2d;)Z @ 6
Event: 71.218 Thread 0x0000018f26d79000 Uncommon trap: reason=unstable_if action=reinterpret pc=0x0000018f28d22c1c method=project_1.SandboxEngine.Scene.CellularAutomata.update()V @ 87
Event: 71.599 Thread 0x0000018f26d79000 Uncommon trap: reason=unstable_if action=reinterpret pc=0x0000018f28d3ad44 method=project_1.SandboxEngine.Pixel.Special.Conway.countAliveNeighbors(Lorg/joml/Vector2d;)I @ 71
Event: 71.599 Thread 0x0000018f26d79000 Uncommon trap: reason=unstable_if action=reinterpret pc=0x0000018f28d3920c method=project_1.SandboxEngine.Pixel.Special.Conway.countAliveNeighbors(Lorg/joml/Vector2d;)I @ 71
Event: 79.514 Thread 0x0000018f26d79000 Uncommon trap: reason=unstable_if action=reinterpret pc=0x0000018f28cdeda0 method=java.lang.StrictMath.floorOrCeil(DDDD)D @ 115
Event: 82.773 Thread 0x0000018f26d79000 Uncommon trap: reason=unstable_if action=reinterpret pc=0x0000018f28ce2508 method=org.lwjgl.glfw.GLFW.glfwWindowShouldClose(J)Z @ 20

Classes redefined (0 events):
No events

Internal exceptions (10 events):
Event: 0.140 Thread 0x0000018f26d79000 Exception <a 'java/security/PrivilegedActionException'> (0x000000071af08b18) thrown at [C:\jenkins\workspace\8-2-build-windows-x64-cygwin-sans-NAS\jdk8u391\514\hotspot\src\share\vm\prims\jvm.cpp, line 1513]
Event: 0.152 Thread 0x0000018f26d79000 Exception <a 'sun/nio/fs/WindowsException'> (0x000000071affb700) thrown at [C:\jenkins\workspace\8-2-build-windows-x64-cygwin-sans-NAS\jdk8u391\514\hotspot\src\share\vm\prims\jni.cpp, line 710]
Event: 0.152 Thread 0x0000018f26d79000 Exception <a 'sun/nio/fs/WindowsException'> (0x000000071affbdc8) thrown at [C:\jenkins\workspace\8-2-build-windows-x64-cygwin-sans-NAS\jdk8u391\514\hotspot\src\share\vm\prims\jni.cpp, line 710]
Event: 0.264 Thread 0x0000018f26d79000 Exception <a 'sun/nio/fs/WindowsException'> (0x000000071b115220) thrown at [C:\jenkins\workspace\8-2-build-windows-x64-cygwin-sans-NAS\jdk8u391\514\hotspot\src\share\vm\prims\jni.cpp, line 710]
Event: 0.264 Thread 0x0000018f26d79000 Exception <a 'sun/nio/fs/WindowsException'> (0x000000071b115950) thrown at [C:\jenkins\workspace\8-2-build-windows-x64-cygwin-sans-NAS\jdk8u391\514\hotspot\src\share\vm\prims\jni.cpp, line 710]
Event: 0.267 Thread 0x0000018f26d79000 Exception <a 'sun/nio/fs/WindowsException'> (0x000000071b12e498) thrown at [C:\jenkins\workspace\8-2-build-windows-x64-cygwin-sans-NAS\jdk8u391\514\hotspot\src\share\vm\prims\jni.cpp, line 710]
Event: 0.267 Thread 0x0000018f26d79000 Exception <a 'sun/nio/fs/WindowsException'> (0x000000071b12ea78) thrown at [C:\jenkins\workspace\8-2-build-windows-x64-cygwin-sans-NAS\jdk8u391\514\hotspot\src\share\vm\prims\jni.cpp, line 710]
Event: 0.365 Thread 0x0000018f26d79000 Exception <a 'java/io/FileNotFoundException'> (0x000000071b3558b8) thrown at [C:\jenkins\workspace\8-2-build-windows-x64-cygwin-sans-NAS\jdk8u391\514\hotspot\src\share\vm\prims\jni.cpp, line 710]
Event: 0.371 Thread 0x0000018f26d79000 Exception <a 'sun/nio/fs/WindowsException'> (0x000000071b39adf0) thrown at [C:\jenkins\workspace\8-2-build-windows-x64-cygwin-sans-NAS\jdk8u391\514\hotspot\src\share\vm\prims\jni.cpp, line 710]
Event: 0.371 Thread 0x0000018f26d79000 Exception <a 'sun/nio/fs/WindowsException'> (0x000000071b39b4e0) thrown at [C:\jenkins\workspace\8-2-build-windows-x64-cygwin-sans-NAS\jdk8u391\514\hotspot\src\share\vm\prims\jni.cpp, line 710]

Events (10 events):
Event: 73.144 Executing VM operation: ParallelGCFailedAllocation
Event: 73.146 Executing VM operation: ParallelGCFailedAllocation done
Event: 79.514 Thread 0x0000018f26d79000 Uncommon trap: trap_request=0xffffff65 fr.pc=0x0000018f28cdeda0
Event: 79.514 Thread 0x0000018f26d79000 DEOPT PACKING pc=0x0000018f28cdeda0 sp=0x0000007b8c2feca0
Event: 79.514 Thread 0x0000018f26d79000 DEOPT UNPACKING pc=0x0000018f287c58c3 sp=0x0000007b8c2febe0 mode 2
Event: 82.773 Thread 0x0000018f26d79000 Uncommon trap: trap_request=0xffffff65 fr.pc=0x0000018f28ce2508
Event: 82.773 Thread 0x0000018f26d79000 DEOPT PACKING pc=0x0000018f28ce2508 sp=0x0000007b8c2ff120
Event: 82.773 Thread 0x0000018f26d79000 DEOPT UNPACKING pc=0x0000018f287c58c3 sp=0x0000007b8c2ff0b8 mode 2
Event: 82.774 loading class org/lwjgl/glfw/Callbacks
Event: 82.774 loading class org/lwjgl/glfw/Callbacks done


Dynamic libraries:
0x00007ff774490000 - 0x00007ff7744da000 	C:\Program Files\Java\jdk-1.8\bin\java.exe
0x00007ff9f2590000 - 0x00007ff9f27a6000 	C:\Windows\SYSTEM32\ntdll.dll
0x00007ff9f1840000 - 0x00007ff9f1904000 	C:\Windows\System32\KERNEL32.DLL
0x00007ff9ef8b0000 - 0x00007ff9efc57000 	C:\Windows\System32\KERNELBASE.dll
0x00007ff9f1340000 - 0x00007ff9f13f2000 	C:\Windows\System32\ADVAPI32.dll
0x00007ff9f0b50000 - 0x00007ff9f0bf7000 	C:\Windows\System32\msvcrt.dll
0x00007ff9f0660000 - 0x00007ff9f0708000 	C:\Windows\System32\sechost.dll
0x00007ff9efdd0000 - 0x00007ff9efdf8000 	C:\Windows\System32\bcrypt.dll
0x00007ff9f22b0000 - 0x00007ff9f23c5000 	C:\Windows\System32\RPCRT4.dll
0x00007ff9f0c00000 - 0x00007ff9f0dae000 	C:\Windows\System32\USER32.dll
0x00007ff9efea0000 - 0x00007ff9efec6000 	C:\Windows\System32\win32u.dll
0x00007ff9f1920000 - 0x00007ff9f1949000 	C:\Windows\System32\GDI32.dll
0x00007ff9eff90000 - 0x00007ff9f00a9000 	C:\Windows\System32\gdi32full.dll
0x00007ff9efe00000 - 0x00007ff9efe9a000 	C:\Windows\System32\msvcp_win.dll
0x00007ff9f01a0000 - 0x00007ff9f02b1000 	C:\Windows\System32\ucrtbase.dll
0x00007ff9d3a60000 - 0x00007ff9d3cf3000 	C:\Windows\WinSxS\amd64_microsoft.windows.common-controls_6595b64144ccf1df_6.0.22621.3235_none_270f74e173860f98\COMCTL32.dll
0x00007ff9f1960000 - 0x00007ff9f1991000 	C:\Windows\System32\IMM32.DLL
0x00007ff9e1020000 - 0x00007ff9e103b000 	C:\Program Files\Java\jdk-1.8\jre\bin\vcruntime140.dll
0x00007ff9e1010000 - 0x00007ff9e101c000 	C:\Program Files\Java\jdk-1.8\jre\bin\vcruntime140_1.dll
0x00007ff9dfc20000 - 0x00007ff9dfcae000 	C:\Program Files\Java\jdk-1.8\jre\bin\msvcp140.dll
0x00007ff9474b0000 - 0x00007ff947d60000 	C:\Program Files\Java\jdk-1.8\jre\bin\server\jvm.dll
0x00007ff9f1910000 - 0x00007ff9f1918000 	C:\Windows\System32\PSAPI.DLL
0x00007ff9d5d80000 - 0x00007ff9d5d89000 	C:\Windows\SYSTEM32\WSOCK32.dll
0x00007ff9e4d10000 - 0x00007ff9e4d44000 	C:\Windows\SYSTEM32\WINMM.dll
0x00007ff9e4d00000 - 0x00007ff9e4d0a000 	C:\Windows\SYSTEM32\VERSION.dll
0x00007ff9f24d0000 - 0x00007ff9f2541000 	C:\Windows\System32\WS2_32.dll
0x00007ff9ee8b0000 - 0x00007ff9ee8c8000 	C:\Windows\SYSTEM32\kernel.appcore.dll
0x00007ff9e1000000 - 0x00007ff9e1010000 	C:\Program Files\Java\jdk-1.8\jre\bin\verify.dll
0x00007ff9e0fd0000 - 0x00007ff9e0ffb000 	C:\Program Files\Java\jdk-1.8\jre\bin\java.dll
0x00007ff9dfab0000 - 0x00007ff9dfac8000 	C:\Program Files\Java\jdk-1.8\jre\bin\zip.dll
0x00007ff9f1a50000 - 0x00007ff9f22ac000 	C:\Windows\System32\SHELL32.dll
0x00007ff9ed7c0000 - 0x00007ff9ee0b9000 	C:\Windows\SYSTEM32\windows.storage.dll
0x00007ff9f02d0000 - 0x00007ff9f0658000 	C:\Windows\System32\combase.dll
0x00007ff9ed680000 - 0x00007ff9ed7be000 	C:\Windows\SYSTEM32\wintypes.dll
0x00007ff9f1230000 - 0x00007ff9f1323000 	C:\Windows\System32\SHCORE.dll
0x00007ff9f0a40000 - 0x00007ff9f0a9e000 	C:\Windows\System32\shlwapi.dll
0x00007ff9ef7e0000 - 0x00007ff9ef801000 	C:\Windows\SYSTEM32\profapi.dll
0x00007ff939040000 - 0x00007ff93bd9a000 	C:\Users\james\Downloads\opencv\build\java\x64\opencv_java342.dll
0x00007ff9f15c0000 - 0x00007ff9f1765000 	C:\Windows\System32\ole32.dll
0x00007ff9f0960000 - 0x00007ff9f0a37000 	C:\Windows\System32\OLEAUT32.dll
0x00007ff9e0960000 - 0x00007ff9e098b000 	C:\Windows\SYSTEM32\MSVFW32.dll
0x00007ff9e0930000 - 0x00007ff9e0954000 	C:\Windows\SYSTEM32\AVIFIL32.dll
0x00007ff9e0910000 - 0x00007ff9e092a000 	C:\Windows\SYSTEM32\AVICAP32.dll
0x00007ff9dd5c0000 - 0x00007ff9dd78e000 	C:\Windows\SYSTEM32\MFPlat.DLL
0x00007ff9c82e0000 - 0x00007ff9c836a000 	C:\Windows\SYSTEM32\MF.dll
0x00007ff99ab30000 - 0x00007ff99ac4f000 	C:\Windows\SYSTEM32\MFReadWrite.dll
0x00007ff9ebf40000 - 0x00007ff9ec197000 	C:\Windows\SYSTEM32\d3d11.dll
0x00007ff9dd280000 - 0x00007ff9dd29e000 	C:\Windows\SYSTEM32\MSACM32.dll
0x00007ff9ef5a0000 - 0x00007ff9ef5ee000 	C:\Windows\SYSTEM32\cfgmgr32.dll
0x00007ff9ecf20000 - 0x00007ff9ed018000 	C:\Windows\SYSTEM32\dxgi.dll
0x00007ff9c7f40000 - 0x00007ff9c82d9000 	C:\Windows\SYSTEM32\MFCORE.DLL
0x00007ff9f00b0000 - 0x00007ff9f0129000 	C:\Windows\System32\bcryptPrimitives.dll
0x00007ff9dd580000 - 0x00007ff9dd5b3000 	C:\Windows\SYSTEM32\RTWorkQ.DLL
0x00007ff9dfa90000 - 0x00007ff9dfaac000 	C:\Program Files\Java\jdk-1.8\jre\bin\net.dll
0x00007ff9eedc0000 - 0x00007ff9eee29000 	C:\Windows\system32\mswsock.dll
0x00007ff9dfa70000 - 0x00007ff9dfa83000 	C:\Program Files\Java\jdk-1.8\jre\bin\nio.dll
0x00007ff9dffa0000 - 0x00007ff9e001b000 	C:\Users\james\AppData\Local\Temp\lwjgl_james\3.3.3+5\x64\lwjgl.dll
0x00007ff9dff10000 - 0x00007ff9dff92000 	C:\Users\james\AppData\Local\Temp\lwjgl_james\3.3.3+5\x64\glfw.dll
0x00007ff9dfec0000 - 0x00007ff9dff06000 	C:\Windows\SYSTEM32\dinput8.dll
0x00007ff9e1140000 - 0x00007ff9e1151000 	C:\Windows\SYSTEM32\xinput1_4.dll
0x00007ff9ef570000 - 0x00007ff9ef59c000 	C:\Windows\SYSTEM32\DEVOBJ.dll
0x00007ff9ed210000 - 0x00007ff9ed23b000 	C:\Windows\SYSTEM32\dwmapi.dll
0x00007ff9d3ec0000 - 0x00007ff9d40ca000 	C:\Windows\SYSTEM32\inputhost.dll
0x00007ff9ec810000 - 0x00007ff9ec944000 	C:\Windows\SYSTEM32\CoreMessaging.dll
0x00007ff9ecdd0000 - 0x00007ff9ece7b000 	C:\Windows\system32\uxtheme.dll
0x00007ff9f0710000 - 0x00007ff9f0863000 	C:\Windows\System32\MSCTF.dll
0x00007ff9ef050000 - 0x00007ff9ef05c000 	C:\Windows\SYSTEM32\CRYPTBASE.DLL
0x00007ff98cd10000 - 0x00007ff98ce10000 	C:\Windows\SYSTEM32\opengl32.dll
0x00007ff96f5b0000 - 0x00007ff96f5dd000 	C:\Windows\SYSTEM32\GLU32.dll
0x00007ff9ecee0000 - 0x00007ff9ecf19000 	C:\Windows\SYSTEM32\dxcore.dll
0x00007ff9f0aa0000 - 0x00007ff9f0b50000 	C:\Windows\System32\clbcatq.dll
0x00007ff998950000 - 0x00007ff99897e000 	C:\Windows\System32\DriverStore\FileRepository\u0397214.inf_amd64_8ee7fc67dd7fdd75\B397164\atig6pxx.dll
0x00007ff9486e0000 - 0x00007ff94cbbf000 	C:\Windows\System32\DriverStore\FileRepository\u0397214.inf_amd64_8ee7fc67dd7fdd75\B397164\atio6axx.dll
0x00007ff9f0db0000 - 0x00007ff9f1224000 	C:\Windows\System32\SETUPAPI.dll
0x00007ff9e11f0000 - 0x00007ff9e1225000 	C:\Windows\SYSTEM32\amdihk64.dll
0x00007ff9f0130000 - 0x00007ff9f019b000 	C:\Windows\System32\WINTRUST.dll
0x00007ff9efc60000 - 0x00007ff9efdc7000 	C:\Windows\System32\CRYPT32.dll
0x00007ff9ef0f0000 - 0x00007ff9ef102000 	C:\Windows\SYSTEM32\MSASN1.dll
0x00007ff9e9330000 - 0x00007ff9e937a000 	C:\Windows\SYSTEM32\directxdatabasehelper.dll
0x00007ff9dd950000 - 0x00007ff9dda9a000 	C:\Windows\SYSTEM32\textinputframework.dll
0x00007ff9dfe60000 - 0x00007ff9dfebe000 	C:\Users\james\AppData\Local\Temp\lwjgl_james\3.3.3+5\x64\lwjgl_opengl.dll
0x00007ff990370000 - 0x00007ff9904ef000 	C:\Program Files\Java\jdk-1.8\jre\bin\awt.dll
0x00007ff9ecc10000 - 0x00007ff9ecca7000 	C:\Windows\SYSTEM32\apphelp.dll
0x00007ff99f340000 - 0x00007ff99f3c2000 	C:\Users\james\AppData\Local\Temp\lwjgl_james\3.3.3+5\x64\lwjgl_stb.dll
0x00007ff9e86d0000 - 0x00007ff9e8a3c000 	C:\Windows\SYSTEM32\CoreUIComponents.dll
0x00007ff9e6770000 - 0x00007ff9e69a3000 	C:\Windows\SYSTEM32\dbghelp.dll

VM Arguments:
jvm_args: -Dfile.encoding=windows-1252 -Duser.country=US -Duser.language=en -Duser.variant 
java_command: project_1.App
java_class_path (initial): C:\Users\james\OneDrive\Desktop\SPRING_2024\Computer_Graphics\Project_1_CS5053\app\build\classes\java\main;C:\Users\james\OneDrive\Desktop\SPRING_2024\Computer_Graphics\Project_1_CS5053\app\build\resources\main;C:\Users\james\.gradle\caches\modules-2\files-2.1\com.google.guava\guava\31.1-jre\60458f877d055d0c9114d9e1a2efb737b4bc282c\guava-31.1-jre.jar;C:\Users\james\.gradle\caches\modules-2\files-2.1\org.openpnp\opencv\3.4.2-0\8f81edf25d942f1d246f20e8a31ddd0d5958ddf6\opencv-3.4.2-0.jar;C:\Users\james\.gradle\caches\modules-2\files-2.1\org.bytedeco.javacpp-presets\opencv\3.4.2-1.4.2\93b77f57a6aabf24f9a1d6ebba75f9aac8ae75f3\opencv-3.4.2-1.4.2.jar;C:\Users\james\.gradle\caches\modules-2\files-2.1\org.bytedeco.javacpp-presets\opencv\3.4.2-1.4.2\5ec3ebecb00bb9cd635328c94d493e43e97b697b\opencv-3.4.2-1.4.2-windows-x86_64.jar;C:\Users\james\.gradle\caches\modules-2\files-2.1\org.lwjgl\lwjgl-assimp\3.3.3\c2c34011cbda30ed8cf98bc5cbf97b49afe5279a\lwjgl-assimp-3.3.3.jar;C:\Users\james\.gradle\caches\modules-2\files-2.1\org.lwjgl\lwjgl-assimp\3.3.3\d90ccdade594716062975cffd1431d387f770ac4\lwjgl-assimp-3.3.3-natives-windows.jar;C:\Users\james\.gradle\caches\modules-2\files-2.1\org.lwjgl\lwjgl-glfw\3.3.3\efa1eb78c5ccd840e9f329717109b5e892d72f8e\lwjgl-glfw-3.3.3.jar;C:\Users\james\.gradle\caches\modules-2\files-2.1\org.lwjgl\lwjgl-glfw\3.3.3\e449e28b4891fc423c54c85fbc5bb0b9efece67a\lwjgl-glfw-3.3.3-natives-windows.jar;C:\Users\james\.gradle\caches\modules-2\files-2.1\org.lwjgl\lwjgl-nfd\3.3.3\f1b41d3a0a2f5cd2a55a6a59a618c87d0348681c\lwjgl-nfd-3.3.3.jar;C:\Users\james\.gradle\caches\modules-2\files-2.1\org.lwjgl\lwjgl-nfd\3.3.3\3a39132eef695dcb7631adc1d02e493527940d10\lwjgl-nfd-3.3.3-natives-windows.jar;C:\Users\james\.gradle\caches\modules-2\files-2.1\org.lwjgl\lwjgl-openal\3.3.3\daada81ceb5fc0c291fbfdd4433cb8d9423577f2\lwjgl-openal-3.3.3.jar;C:\Users\james\.gradle\caches\modules-2\files-2.1\org.lwjgl\lwjgl-openal\3.3.3\cf83862ae95d98496b26915024c7e666d8
Launcher Type: SUN_STANDARD

Environment Variables:
JAVA_HOME=C:\Program Files\Java\jdk-1.8
PATH=C:\Users\james\bin;C:\Program Files\Git\mingw64\bin;C:\Program Files\Git\usr\local\bin;C:\Program Files\Git\usr\bin;C:\Program Files\Git\usr\bin;C:\Program Files\Git\mingw64\bin;C:\Program Files\Git\usr\bin;C:\Users\james\bin;C:\Program Files (x86)\Common Files\Oracle\Java\javapath;C:\Program Files\Oculus\Support\oculus-runtime;C:\Windows\system32;C:\Windows;C:\Windows\System32\Wbem;C:\Windows\System32\WindowsPowerShell\v1.0;C:\Windows\System32\OpenSSH;C:\Program Files\Git\cmd;C:\Program Files\PuTTY;C:\Program Files\dotnet;C:\Program Files\Java\jdk-1.8\bin;C:\Program Files\PowerShell\7;C:\Users\james\AppData\Local\Programs\Python\Python311\Scripts;C:\Users\james\AppData\Local\Programs\Python\Python311;C:\Users\james\AppData\Local\Microsoft\WindowsApps;C:\Users\james\AppData\Local\Programs\Microsoft VS Code\bin;C:\Users\james\AppData\Local\Programs\Azure Data Studio\bin;C:\Program Files\JetBrains\IntelliJ IDEA Community Edition 2023.3.4\bin;C:\Program Files\Git\usr\bin\vendor_perl;C:\Program Files\Git\usr\bin\core_perl
USERNAME=james
SHELL=C:\Program Files\Git\usr\bin\bash.exe
DISPLAY=needs-to-be-defined
OS=Windows_NT
PROCESSOR_IDENTIFIER=AMD64 Family 25 Model 97 Stepping 2, AuthenticAMD



---------------  S Y S T E M  ---------------

OS: Windows 11 , 64 bit Build 22621 (10.0.22621.3374)

CPU:total 24 (initial active 24) (24 cores per cpu, 1 threads per core) family 25 model 97 stepping 2, cmov, cx8, fxsr, mmx, sse, sse2, sse3, ssse3, sse4.1, sse4.2, popcnt, avx, avx2, aes, clmul, erms, mmxext, 3dnowpref, lzcnt, sse4a, tsc, tscinvbit, tscinv, bmi1

Memory: 4k page, physical 32652008k(19447220k free), swap 73612008k(55084532k free)

vm_info: Java HotSpot(TM) 64-Bit Server VM (25.391-b13) for windows-amd64 JRE (1.8.0_391-b13), built on Oct  4 2023 07:54:08 by "java_re" with MS VC++ 17.1 (VS2022)

time: Fri Apr 26 02:19:49 2024
timezone: Central Daylight Time
elapsed time: 82.784168 seconds (0d 0h 1m 22s)

